  MainView.c
C:\Users\SJB\Desktop\KB2023\ATM-System-using-by-C-Language\소스코드\메인(관리자포함)\ATM_SYSTEM\ViewAccount.h(54,16): warning C4013: 'getTotalLine'이(가) 정의되지 않았습니다. extern은 int형을 반환하는 것으로 간주합니다.
C:\Users\SJB\Desktop\KB2023\ATM-System-using-by-C-Language\소스코드\메인(관리자포함)\ATM_SYSTEM\User_Function.h(68,6): warning C4102: 'RE': 참조되지 않은 레이블입니다.
C:\Users\SJB\Desktop\KB2023\ATM-System-using-by-C-Language\소스코드\메인(관리자포함)\ATM_SYSTEM\User_Function.h(32,6): warning C4101: 'AccountNumber' :참조되지 않은 지역 변수입니다.
C:\Users\SJB\Desktop\KB2023\ATM-System-using-by-C-Language\소스코드\메인(관리자포함)\ATM_SYSTEM\User_Function.h(32,21): warning C4101: 'NowMoney' :참조되지 않은 지역 변수입니다.
C:\Users\SJB\Desktop\KB2023\ATM-System-using-by-C-Language\소스코드\메인(관리자포함)\ATM_SYSTEM\User_Function.h(91,6): warning C4101: 'AccountNumber' :참조되지 않은 지역 변수입니다.
C:\Users\SJB\Desktop\KB2023\ATM-System-using-by-C-Language\소스코드\메인(관리자포함)\ATM_SYSTEM\User_Function.h(91,32): warning C4101: 'NowMoney' :참조되지 않은 지역 변수입니다.
C:\Users\SJB\Desktop\KB2023\ATM-System-using-by-C-Language\소스코드\메인(관리자포함)\ATM_SYSTEM\User_Function.h(91,21): warning C4101: 'AccountPW' :참조되지 않은 지역 변수입니다.
C:\Users\SJB\Desktop\KB2023\ATM-System-using-by-C-Language\소스코드\메인(관리자포함)\ATM_SYSTEM\User_Function.h(173,56): warning C4101: 'temp' :참조되지 않은 지역 변수입니다.
C:\Users\SJB\Desktop\KB2023\ATM-System-using-by-C-Language\소스코드\메인(관리자포함)\ATM_SYSTEM\Menu.h(74,3): warning C4013: 'CreatAccount'이(가) 정의되지 않았습니다. extern은 int형을 반환하는 것으로 간주합니다.
C:\Users\SJB\Desktop\KB2023\ATM-System-using-by-C-Language\소스코드\메인(관리자포함)\ATM_SYSTEM\Menu.h(75,3): warning C4013: 'MergeAccount'이(가) 정의되지 않았습니다. extern은 int형을 반환하는 것으로 간주합니다.
C:\Users\SJB\Desktop\KB2023\ATM-System-using-by-C-Language\소스코드\메인(관리자포함)\ATM_SYSTEM\Menu.h(76,3): warning C4013: 'NameChange'이(가) 정의되지 않았습니다. extern은 int형을 반환하는 것으로 간주합니다.
C:\Users\SJB\Desktop\KB2023\ATM-System-using-by-C-Language\소스코드\메인(관리자포함)\ATM_SYSTEM\Menu.h(81,3): warning C4013: 'CloseAccount'이(가) 정의되지 않았습니다. extern은 int형을 반환하는 것으로 간주합니다.
C:\Users\SJB\Desktop\KB2023\ATM-System-using-by-C-Language\소스코드\메인(관리자포함)\ATM_SYSTEM\Menu.h(59,6): warning C4101: 'menuSelect' :참조되지 않은 지역 변수입니다.
C:\Users\SJB\Desktop\KB2023\ATM-System-using-by-C-Language\소스코드\메인(관리자포함)\ATM_SYSTEM\Menu.h(138,3): warning C4013: 'main'이(가) 정의되지 않았습니다. extern은 int형을 반환하는 것으로 간주합니다.
C:\Users\SJB\Desktop\KB2023\ATM-System-using-by-C-Language\소스코드\메인(관리자포함)\ATM_SYSTEM\Menu.h(98,6): warning C4101: 'menuSelect' :참조되지 않은 지역 변수입니다.
C:\Users\SJB\Desktop\KB2023\ATM-System-using-by-C-Language\소스코드\메인(관리자포함)\ATM_SYSTEM\Menu.h(165,4): warning C4013: 'TrafficCard'이(가) 정의되지 않았습니다. extern은 int형을 반환하는 것으로 간주합니다.
C:\Users\SJB\Desktop\KB2023\ATM-System-using-by-C-Language\소스코드\메인(관리자포함)\ATM_SYSTEM\Menu.h(175,3): warning C4013: 'GiftCardFunc'이(가) 정의되지 않았습니다. extern은 int형을 반환하는 것으로 간주합니다.
C:\Users\SJB\Desktop\KB2023\ATM-System-using-by-C-Language\소스코드\메인(관리자포함)\ATM_SYSTEM\Menu.h(149,6): warning C4101: 'menuSelect' :참조되지 않은 지역 변수입니다.
C:\Users\SJB\Desktop\KB2023\ATM-System-using-by-C-Language\소스코드\메인(관리자포함)\ATM_SYSTEM\Menu.h(199,10): warning C4013: 'giftCards'이(가) 정의되지 않았습니다. extern은 int형을 반환하는 것으로 간주합니다.
C:\Users\SJB\Desktop\KB2023\ATM-System-using-by-C-Language\소스코드\메인(관리자포함)\ATM_SYSTEM\Menu.h(200,3): warning C4013: 'register_giftCards'이(가) 정의되지 않았습니다. extern은 int형을 반환하는 것으로 간주합니다.
C:\Users\SJB\Desktop\KB2023\ATM-System-using-by-C-Language\소스코드\메인(관리자포함)\ATM_SYSTEM\Admin_Function.h(29,5): warning C4013: 'gets'이(가) 정의되지 않았습니다. extern은 int형을 반환하는 것으로 간주합니다.
C:\Users\SJB\Desktop\KB2023\ATM-System-using-by-C-Language\소스코드\메인(관리자포함)\ATM_SYSTEM\passCash.h(25,35): warning C4098: 'passCash': 'void' 함수에서 값을 반환하고 있습니다.
C:\Users\SJB\Desktop\KB2023\ATM-System-using-by-C-Language\소스코드\메인(관리자포함)\ATM_SYSTEM\passCash.h(35,35): warning C4098: 'passCash': 'void' 함수에서 값을 반환하고 있습니다.
C:\Users\SJB\Desktop\KB2023\ATM-System-using-by-C-Language\소스코드\메인(관리자포함)\ATM_SYSTEM\passCash.h(42,9): warning C4477: 'printf' : 서식 문자열 '%d'에 'int' 형식의 인수가 필요하지만 variadic 인수 2의 형식이 'int *'입니다.
C:\Users\SJB\Desktop\KB2023\ATM-System-using-by-C-Language\소스코드\메인(관리자포함)\ATM_SYSTEM\passCash.h(42,9): warning C4313: 'printf': 서식 문자열의 '%d'이(가) int *' 형식의 인수 2과(와) 충돌합니다.
C:\Users\SJB\Desktop\KB2023\ATM-System-using-by-C-Language\소스코드\메인(관리자포함)\ATM_SYSTEM\ExtraFunc.h(113): warning C4715: 'BackToMenu': 모든 제어 경로에서 값을 반환하지는 않습니다.
C:\Users\SJB\Desktop\KB2023\ATM-System-using-by-C-Language\소스코드\메인(관리자포함)\ATM_SYSTEM\remit.h(88): warning C4715: 'remit': 모든 제어 경로에서 값을 반환하지는 않습니다.
  ATM_SYSTEM.vcxproj -> C:\Users\SJB\Desktop\KB2023\ATM-System-using-by-C-Language\소스코드\메인(관리자포함)\ATM_SYSTEM\x64\Debug\ATM_SYSTEM.exe
